{"/mnt/d/sourcecode/wsl/projects/TypeScriptStarter/src/index.ts": {"path":"/mnt/d/sourcecode/wsl/projects/TypeScriptStarter/src/index.ts","statementMap":{"0":{"start":{"line":10,"column":4},"end":{"line":10,"column":32}},"1":{"start":{"line":11,"column":4},"end":{"line":11,"column":16}},"2":{"start":{"line":9,"column":0},"end":{"line":9,"column":17}},"3":{"start":{"line":14,"column":0},"end":{"line":14,"column":15}}},"fnMap":{"0":{"name":"hello","decl":{"start":{"line":9,"column":17},"end":{"line":9,"column":22}},"loc":{"start":{"line":9,"column":33},"end":{"line":12,"column":1}}}},"branchMap":{},"s":{"0":2,"1":2,"2":1,"3":1},"f":{"0":2},"b":{}}
}
